# JRE version: OpenJDK Runtime Environment Temurin-17.0.4.1+1 (17.0.4.1+1) (build 17.0.4.1+1)
# Java VM: OpenJDK 64-Bit Server VM Temurin-17.0.4.1+1 (17.0.4.1+1, mixed mode, tiered, compressed oops, compressed class ptrs, parallel gc, windows-amd64)
GC Precious Log:
 CPUs: 8 total, 8 available
 Memory: 7103M
 Large Page Support: Disabled
 NUMA Support: Disabled
 Compressed Oops: Enabled (32-bit)
 Alignments: Space 512K, Generation 512K, Heap 2M
 Heap Min Capacity: 100M
 Heap Initial Capacity: 100M
 Heap Max Capacity: 1G
 Pre-touch: Disabled
 Parallel Workers: 8
Heap:
 PSYoungGen      total 10240K, used 6849K [0x00000000eab00000, 0x00000000ebb00000, 0x0000000100000000)
  eden space 5632K, 40% used [0x00000000eab00000,0x00000000ead340a0,0x00000000eb080000)
  from space 4608K, 99% used [0x00000000eb580000,0x00000000eb9fc418,0x00000000eba00000)
  to   space 5120K, 0% used [0x00000000eb080000,0x00000000eb080000,0x00000000eb580000)
 ParOldGen       total 134656K, used 101575K [0x00000000c0000000, 0x00000000c8380000, 0x00000000eab00000)
  object space 134656K, 75% used [0x00000000c0000000,0x00000000c6331c60,0x00000000c8380000)
 Metaspace       used 70301K, committed 71552K, reserved 1114112K
  class space    used 7568K, committed 8128K, reserved 1048576K
GC Heap History (20 events):
Event: 56.860 GC heap before
{Heap before GC invocations=73 (full 5):
 PSYoungGen      total 9216K, used 9207K [0x00000000eab00000, 0x00000000eb880000, 0x0000000100000000)
  eden space 6144K, 100% used [0x00000000eab00000,0x00000000eb100000,0x00000000eb100000)
  from space 3072K, 99% used [0x00000000eb480000,0x00000000eb77ddf8,0x00000000eb780000)
  to   space 3584K, 0% used [0x00000000eb100000,0x00000000eb100000,0x00000000eb480000)
 ParOldGen       total 134656K, used 97817K [0x00000000c0000000, 0x00000000c8380000, 0x00000000eab00000)
  object space 134656K, 72% used [0x00000000c0000000,0x00000000c5f86790,0x00000000c8380000)
 Metaspace       used 66801K, committed 67968K, reserved 1114112K
  class space    used 7072K, committed 7552K, reserved 1048576K
}
Event: 56.863 GC heap after
{Heap after GC invocations=73 (full 5):
 PSYoungGen      total 9728K, used 2663K [0x00000000eab00000, 0x00000000eb800000, 0x0000000100000000)
  eden space 6144K, 0% used [0x00000000eab00000,0x00000000eab00000,0x00000000eb100000)
  from space 3584K, 74% used [0x00000000eb100000,0x00000000eb399db0,0x00000000eb480000)
  to   space 3072K, 0% used [0x00000000eb500000,0x00000000eb500000,0x00000000eb800000)
 ParOldGen       total 134656K, used 99113K [0x00000000c0000000, 0x00000000c8380000, 0x00000000eab00000)
  object space 134656K, 73% used [0x00000000c0000000,0x00000000c60ca7e8,0x00000000c8380000)
 Metaspace       used 66801K, committed 67968K, reserved 1114112K
  class space    used 7072K, committed 7552K, reserved 1048576K
}
Event: 56.911 GC heap before
{Heap before GC invocations=74 (full 5):
 PSYoungGen      total 9728K, used 8807K [0x00000000eab00000, 0x00000000eb800000, 0x0000000100000000)
  eden space 6144K, 100% used [0x00000000eab00000,0x00000000eb100000,0x00000000eb100000)
  from space 3584K, 74% used [0x00000000eb100000,0x00000000eb399db0,0x00000000eb480000)
  to   space 3072K, 0% used [0x00000000eb500000,0x00000000eb500000,0x00000000eb800000)
 ParOldGen       total 134656K, used 99113K [0x00000000c0000000, 0x00000000c8380000, 0x00000000eab00000)
  object space 134656K, 73% used [0x00000000c0000000,0x00000000c60ca7e8,0x00000000c8380000)
 Metaspace       used 66803K, committed 67968K, reserved 1114112K
  class space    used 7072K, committed 7552K, reserved 1048576K
}
Event: 56.915 GC heap after
{Heap after GC invocations=74 (full 5):
 PSYoungGen      total 9216K, used 3053K [0x00000000eab00000, 0x00000000eba00000, 0x0000000100000000)
  eden space 6144K, 0% used [0x00000000eab00000,0x00000000eab00000,0x00000000eb100000)
  from space 3072K, 99% used [0x00000000eb500000,0x00000000eb7fb4b0,0x00000000eb800000)
  to   space 4096K, 0% used [0x00000000eb100000,0x00000000eb100000,0x00000000eb500000)
 ParOldGen       total 134656K, used 99521K [0x00000000c0000000, 0x00000000c8380000, 0x00000000eab00000)
  object space 134656K, 73% used [0x00000000c0000000,0x00000000c61307e8,0x00000000c8380000)
 Metaspace       used 66803K, committed 67968K, reserved 1114112K
  class space    used 7072K, committed 7552K, reserved 1048576K
}
Event: 56.955 GC heap before
{Heap before GC invocations=75 (full 5):
 PSYoungGen      total 9216K, used 9197K [0x00000000eab00000, 0x00000000eba00000, 0x0000000100000000)
  eden space 6144K, 100% used [0x00000000eab00000,0x00000000eb100000,0x00000000eb100000)
  from space 3072K, 99% used [0x00000000eb500000,0x00000000eb7fb4b0,0x00000000eb800000)
  to   space 4096K, 0% used [0x00000000eb100000,0x00000000eb100000,0x00000000eb500000)
 ParOldGen       total 134656K, used 99521K [0x00000000c0000000, 0x00000000c8380000, 0x00000000eab00000)
  object space 134656K, 73% used [0x00000000c0000000,0x00000000c61307e8,0x00000000c8380000)
 Metaspace       used 66803K, committed 67968K, reserved 1114112K
  class space    used 7072K, committed 7552K, reserved 1048576K
}
Event: 56.959 GC heap after
{Heap after GC invocations=75 (full 5):
 PSYoungGen      total 10240K, used 3152K [0x00000000eab00000, 0x00000000eb900000, 0x0000000100000000)
  eden space 6144K, 0% used [0x00000000eab00000,0x00000000eab00000,0x00000000eb100000)
  from space 4096K, 76% used [0x00000000eb100000,0x00000000eb414010,0x00000000eb500000)
  to   space 3584K, 0% used [0x00000000eb580000,0x00000000eb580000,0x00000000eb900000)
 ParOldGen       total 134656K, used 100407K [0x00000000c0000000, 0x00000000c8380000, 0x00000000eab00000)
  object space 134656K, 74% used [0x00000000c0000000,0x00000000c620dc60,0x00000000c8380000)
 Metaspace       used 66803K, committed 67968K, reserved 1114112K
  class space    used 7072K, committed 7552K, reserved 1048576K
}
Event: 57.009 GC heap before
{Heap before GC invocations=76 (full 5):
 PSYoungGen      total 10240K, used 9296K [0x00000000eab00000, 0x00000000eb900000, 0x0000000100000000)
  eden space 6144K, 100% used [0x00000000eab00000,0x00000000eb100000,0x00000000eb100000)
  from space 4096K, 76% used [0x00000000eb100000,0x00000000eb414010,0x00000000eb500000)
  to   space 3584K, 0% used [0x00000000eb580000,0x00000000eb580000,0x00000000eb900000)
 ParOldGen       total 134656K, used 100407K [0x00000000c0000000, 0x00000000c8380000, 0x00000000eab00000)
  object space 134656K, 74% used [0x00000000c0000000,0x00000000c620dc60,0x00000000c8380000)
 Metaspace       used 66815K, committed 67968K, reserved 1114112K
  class space    used 7072K, committed 7552K, reserved 1048576K
}
Event: 57.015 GC heap after
{Heap after GC invocations=76 (full 5):
 PSYoungGen      total 9728K, used 3584K [0x00000000eab00000, 0x00000000ebb00000, 0x0000000100000000)
  eden space 6144K, 0% used [0x00000000eab00000,0x00000000eab00000,0x00000000eb100000)
  from space 3584K, 100% used [0x00000000eb580000,0x00000000eb900000,0x00000000eb900000)
  to   space 4608K, 0% used [0x00000000eb100000,0x00000000eb100000,0x00000000eb580000)
 ParOldGen       total 134656K, used 100807K [0x00000000c0000000, 0x00000000c8380000, 0x00000000eab00000)
  object space 134656K, 74% used [0x00000000c0000000,0x00000000c6271c60,0x00000000c8380000)
 Metaspace       used 66815K, committed 67968K, reserved 1114112K
  class space    used 7072K, committed 7552K, reserved 1048576K
}
Event: 57.119 GC heap before
{Heap before GC invocations=77 (full 5):
 PSYoungGen      total 9728K, used 9728K [0x00000000eab00000, 0x00000000ebb00000, 0x0000000100000000)
  eden space 6144K, 100% used [0x00000000eab00000,0x00000000eb100000,0x00000000eb100000)
  from space 3584K, 100% used [0x00000000eb580000,0x00000000eb900000,0x00000000eb900000)
  to   space 4608K, 0% used [0x00000000eb100000,0x00000000eb100000,0x00000000eb580000)
 ParOldGen       total 134656K, used 100807K [0x00000000c0000000, 0x00000000c8380000, 0x00000000eab00000)
  object space 134656K, 74% used [0x00000000c0000000,0x00000000c6271c60,0x00000000c8380000)
 Metaspace       used 66987K, committed 68160K, reserved 1114112K
  class space    used 7105K, committed 7616K, reserved 1048576K
}
Event: 57.125 GC heap after
{Heap after GC invocations=77 (full 5):
 PSYoungGen      total 10752K, used 4256K [0x00000000eab00000, 0x00000000ebb00000, 0x0000000100000000)
  eden space 6144K, 0% used [0x00000000eab00000,0x00000000eab00000,0x00000000eb100000)
  from space 4608K, 92% used [0x00000000eb100000,0x00000000eb528000,0x00000000eb580000)
  to   space 4608K, 0% used [0x00000000eb680000,0x00000000eb680000,0x00000000ebb00000)
 ParOldGen       total 134656K, used 101567K [0x00000000c0000000, 0x00000000c8380000, 0x00000000eab00000)
  object space 134656K, 75% used [0x00000000c0000000,0x00000000c632fc60,0x00000000c8380000)
 Metaspace       used 66987K, committed 68160K, reserved 1114112K
  class space    used 7105K, committed 7616K, reserved 1048576K
}
Event: 61.990 GC heap before
{Heap before GC invocations=78 (full 5):
 PSYoungGen      total 10752K, used 10400K [0x00000000eab00000, 0x00000000ebb00000, 0x0000000100000000)
  eden space 6144K, 100% used [0x00000000eab00000,0x00000000eb100000,0x00000000eb100000)
  from space 4608K, 92% used [0x00000000eb100000,0x00000000eb528000,0x00000000eb580000)
  to   space 4608K, 0% used [0x00000000eb680000,0x00000000eb680000,0x00000000ebb00000)
 ParOldGen       total 134656K, used 101567K [0x00000000c0000000, 0x00000000c8380000, 0x00000000eab00000)
  object space 134656K, 75% used [0x00000000c0000000,0x00000000c632fc60,0x00000000c8380000)
 Metaspace       used 67258K, committed 68416K, reserved 1114112K
  class space    used 7136K, committed 7616K, reserved 1048576K
}
Event: 61.993 GC heap after
{Heap after GC invocations=78 (full 5):
 PSYoungGen      total 10752K, used 4368K [0x00000000eab00000, 0x00000000ebb00000, 0x0000000100000000)
  eden space 6144K, 0% used [0x00000000eab00000,0x00000000eab00000,0x00000000eb100000)
  from space 4608K, 94% used [0x00000000eb680000,0x00000000ebac4010,0x00000000ebb00000)
  to   space 4608K, 0% used [0x00000000eb100000,0x00000000eb100000,0x00000000eb580000)
 ParOldGen       total 134656K, used 101575K [0x00000000c0000000, 0x00000000c8380000, 0x00000000eab00000)
  object space 134656K, 75% used [0x00000000c0000000,0x00000000c6331c60,0x00000000c8380000)
 Metaspace       used 67258K, committed 68416K, reserved 1114112K
  class space    used 7136K, committed 7616K, reserved 1048576K
}
Event: 62.161 GC heap before
{Heap before GC invocations=79 (full 5):
 PSYoungGen      total 10752K, used 10512K [0x00000000eab00000, 0x00000000ebb00000, 0x0000000100000000)
  eden space 6144K, 100% used [0x00000000eab00000,0x00000000eb100000,0x00000000eb100000)
  from space 4608K, 94% used [0x00000000eb680000,0x00000000ebac4010,0x00000000ebb00000)
  to   space 4608K, 0% used [0x00000000eb100000,0x00000000eb100000,0x00000000eb580000)
 ParOldGen       total 134656K, used 101575K [0x00000000c0000000, 0x00000000c8380000, 0x00000000eab00000)
  object space 134656K, 75% used [0x00000000c0000000,0x00000000c6331c60,0x00000000c8380000)
 Metaspace       used 67333K, committed 68544K, reserved 1114112K
  class space    used 7148K, committed 7680K, reserved 1048576K
}
Event: 62.163 GC heap after
{Heap after GC invocations=79 (full 5):
 PSYoungGen      total 10752K, used 4176K [0x00000000eab00000, 0x00000000eba00000, 0x0000000100000000)
  eden space 6144K, 0% used [0x00000000eab00000,0x00000000eab00000,0x00000000eb100000)
  from space 4608K, 90% used [0x00000000eb100000,0x00000000eb514010,0x00000000eb580000)
  to   space 4608K, 0% used [0x00000000eb580000,0x00000000eb580000,0x00000000eba00000)
 ParOldGen       total 134656K, used 101575K [0x00000000c0000000, 0x00000000c8380000, 0x00000000eab00000)
  object space 134656K, 75% used [0x00000000c0000000,0x00000000c6331c60,0x00000000c8380000)
 Metaspace       used 67333K, committed 68544K, reserved 1114112K
  class space    used 7148K, committed 7680K, reserved 1048576K
}
Event: 62.337 GC heap before
{Heap before GC invocations=80 (full 5):
 PSYoungGen      total 10752K, used 10320K [0x00000000eab00000, 0x00000000eba00000, 0x0000000100000000)
  eden space 6144K, 100% used [0x00000000eab00000,0x00000000eb100000,0x00000000eb100000)
  from space 4608K, 90% used [0x00000000eb100000,0x00000000eb514010,0x00000000eb580000)
  to   space 4608K, 0% used [0x00000000eb580000,0x00000000eb580000,0x00000000eba00000)
 ParOldGen       total 134656K, used 101575K [0x00000000c0000000, 0x00000000c8380000, 0x00000000eab00000)
  object space 134656K, 75% used [0x00000000c0000000,0x00000000c6331c60,0x00000000c8380000)
 Metaspace       used 68264K, committed 69440K, reserved 1114112K
  class space    used 7252K, committed 7744K, reserved 1048576K
}
Event: 62.339 GC heap after
{Heap after GC invocations=80 (full 5):
 PSYoungGen      total 10752K, used 4353K [0x00000000eab00000, 0x00000000eba00000, 0x0000000100000000)
  eden space 6144K, 0% used [0x00000000eab00000,0x00000000eab00000,0x00000000eb100000)
  from space 4608K, 94% used [0x00000000eb580000,0x00000000eb9c0408,0x00000000eba00000)
  to   space 4608K, 0% used [0x00000000eb100000,0x00000000eb100000,0x00000000eb580000)
 ParOldGen       total 134656K, used 101575K [0x00000000c0000000, 0x00000000c8380000, 0x00000000eab00000)
  object space 134656K, 75% used [0x00000000c0000000,0x00000000c6331c60,0x00000000c8380000)
 Metaspace       used 68264K, committed 69440K, reserved 1114112K
  class space    used 7252K, committed 7744K, reserved 1048576K
}
Event: 62.413 GC heap before
{Heap before GC invocations=81 (full 5):
 PSYoungGen      total 10752K, used 10497K [0x00000000eab00000, 0x00000000eba00000, 0x0000000100000000)
  eden space 6144K, 100% used [0x00000000eab00000,0x00000000eb100000,0x00000000eb100000)
  from space 4608K, 94% used [0x00000000eb580000,0x00000000eb9c0408,0x00000000eba00000)
  to   space 4608K, 0% used [0x00000000eb100000,0x00000000eb100000,0x00000000eb580000)
 ParOldGen       total 134656K, used 101575K [0x00000000c0000000, 0x00000000c8380000, 0x00000000eab00000)
  object space 134656K, 75% used [0x00000000c0000000,0x00000000c6331c60,0x00000000c8380000)
 Metaspace       used 69072K, committed 70272K, reserved 1114112K
  class space    used 7380K, committed 7872K, reserved 1048576K
}
Event: 62.415 GC heap after
{Heap after GC invocations=81 (full 5):
 PSYoungGen      total 10752K, used 4465K [0x00000000eab00000, 0x00000000eba00000, 0x0000000100000000)
  eden space 6144K, 0% used [0x00000000eab00000,0x00000000eab00000,0x00000000eb100000)
  from space 4608K, 96% used [0x00000000eb100000,0x00000000eb55c418,0x00000000eb580000)
  to   space 4608K, 0% used [0x00000000eb580000,0x00000000eb580000,0x00000000eba00000)
 ParOldGen       total 134656K, used 101575K [0x00000000c0000000, 0x00000000c8380000, 0x00000000eab00000)
  object space 134656K, 75% used [0x00000000c0000000,0x00000000c6331c60,0x00000000c8380000)
 Metaspace       used 69072K, committed 70272K, reserved 1114112K
  class space    used 7380K, committed 7872K, reserved 1048576K
}
Event: 62.511 GC heap before
{Heap before GC invocations=82 (full 5):
 PSYoungGen      total 10752K, used 10609K [0x00000000eab00000, 0x00000000eba00000, 0x0000000100000000)
  eden space 6144K, 100% used [0x00000000eab00000,0x00000000eb100000,0x00000000eb100000)
  from space 4608K, 96% used [0x00000000eb100000,0x00000000eb55c418,0x00000000eb580000)
  to   space 4608K, 0% used [0x00000000eb580000,0x00000000eb580000,0x00000000eba00000)
 ParOldGen       total 134656K, used 101575K [0x00000000c0000000, 0x00000000c8380000, 0x00000000eab00000)
  object space 134656K, 75% used [0x00000000c0000000,0x00000000c6331c60,0x00000000c8380000)
 Metaspace       used 69870K, committed 71040K, reserved 1114112K
  class space    used 7502K, committed 8000K, reserved 1048576K
}
Event: 62.513 GC heap after
{Heap after GC invocations=82 (full 5):
 PSYoungGen      total 10240K, used 4593K [0x00000000eab00000, 0x00000000ebb00000, 0x0000000100000000)
  eden space 5632K, 0% used [0x00000000eab00000,0x00000000eab00000,0x00000000eb080000)
  from space 4608K, 99% used [0x00000000eb580000,0x00000000eb9fc418,0x00000000eba00000)
  to   space 5120K, 0% used [0x00000000eb080000,0x00000000eb080000,0x00000000eb580000)
 ParOldGen       total 134656K, used 101575K [0x00000000c0000000, 0x00000000c8380000, 0x00000000eab00000)
  object space 134656K, 75% used [0x00000000c0000000,0x00000000c6331c60,0x00000000c8380000)
 Metaspace       used 69870K, committed 71040K, reserved 1114112K
  class space    used 7502K, committed 8000K, reserved 1048576K
}

