# JRE version: Java(TM) SE Runtime Environment (19.0+36) (build 19+36-2238)
# Java VM: Java HotSpot(TM) 64-Bit Server VM (19+36-2238, mixed mode, sharing, tiered, compressed oops, compressed class ptrs, g1 gc, windows-amd64)
GC Precious Log:
 CardTable entry size: 512
 Card Set container configuration: InlinePtr #cards 5 size 8 Array Of Cards #cards 12 size 40 Howl #buckets 4 coarsen threshold 1843 Howl Bitmap #cards 512 size 80 coarsen threshold 460 Card regions per heap region 1 cards per card region 2048
 CPUs: 8 total, 8 available
 Memory: 7103M
 Large Page Support: Disabled
 NUMA Support: Disabled
 Compressed Oops: Enabled (32-bit)
 Heap Region Size: 1M
 Heap Min Capacity: 8M
 Heap Initial Capacity: 112M
 Heap Max Capacity: 1776M
 Pre-touch: Disabled
 Parallel Workers: 8
 Concurrent Workers: 2
 Concurrent Refinement Workers: 8
 Periodic GC: Disabled
Heap:
 garbage-first heap   total 55296K, used 42643K [0x0000000091000000, 0x0000000100000000)
  region size 1024K, 14 young (14336K), 1 survivors (1024K)
 Metaspace       used 61800K, committed 62400K, reserved 1114112K
  class space    used 8153K, committed 8448K, reserved 1048576K
GC Heap History (20 events):
Event: 10.811 GC heap before
{Heap before GC invocations=14 (full 0):
 garbage-first heap   total 55296K, used 41689K [0x0000000091000000, 0x0000000100000000)
  region size 1024K, 21 young (21504K), 1 survivors (1024K)
 Metaspace       used 44922K, committed 45440K, reserved 1114112K
  class space    used 5830K, committed 6080K, reserved 1048576K
}
Event: 10.815 GC heap after
{Heap after GC invocations=15 (full 0):
 garbage-first heap   total 55296K, used 23920K [0x0000000091000000, 0x0000000100000000)
  region size 1024K, 2 young (2048K), 2 survivors (2048K)
 Metaspace       used 44922K, committed 45440K, reserved 1114112K
  class space    used 5830K, committed 6080K, reserved 1048576K
}
Event: 12.259 GC heap before
{Heap before GC invocations=15 (full 0):
 garbage-first heap   total 55296K, used 42352K [0x0000000091000000, 0x0000000100000000)
  region size 1024K, 21 young (21504K), 2 survivors (2048K)
 Metaspace       used 50068K, committed 50560K, reserved 1114112K
  class space    used 6484K, committed 6720K, reserved 1048576K
}
Event: 12.263 GC heap after
{Heap after GC invocations=16 (full 0):
 garbage-first heap   total 55296K, used 25183K [0x0000000091000000, 0x0000000100000000)
  region size 1024K, 2 young (2048K), 2 survivors (2048K)
 Metaspace       used 50068K, committed 50560K, reserved 1114112K
  class space    used 6484K, committed 6720K, reserved 1048576K
}
Event: 13.737 GC heap before
{Heap before GC invocations=16 (full 0):
 garbage-first heap   total 55296K, used 41567K [0x0000000091000000, 0x0000000100000000)
  region size 1024K, 19 young (19456K), 2 survivors (2048K)
 Metaspace       used 54124K, committed 54592K, reserved 1114112K
  class space    used 7149K, committed 7360K, reserved 1048576K
}
Event: 13.741 GC heap after
{Heap after GC invocations=17 (full 0):
 garbage-first heap   total 55296K, used 25818K [0x0000000091000000, 0x0000000100000000)
  region size 1024K, 2 young (2048K), 2 survivors (2048K)
 Metaspace       used 54124K, committed 54592K, reserved 1114112K
  class space    used 7149K, committed 7360K, reserved 1048576K
}
Event: 15.603 GC heap before
{Heap before GC invocations=17 (full 0):
 garbage-first heap   total 55296K, used 44250K [0x0000000091000000, 0x0000000100000000)
  region size 1024K, 20 young (20480K), 2 survivors (2048K)
 Metaspace       used 56282K, committed 56768K, reserved 1114112K
  class space    used 7369K, committed 7616K, reserved 1048576K
}
Event: 15.610 GC heap after
{Heap after GC invocations=18 (full 0):
 garbage-first heap   total 55296K, used 26702K [0x0000000091000000, 0x0000000100000000)
  region size 1024K, 2 young (2048K), 2 survivors (2048K)
 Metaspace       used 56282K, committed 56768K, reserved 1114112K
  class space    used 7369K, committed 7616K, reserved 1048576K
}
Event: 17.020 GC heap before
{Heap before GC invocations=18 (full 0):
 garbage-first heap   total 55296K, used 44110K [0x0000000091000000, 0x0000000100000000)
  region size 1024K, 19 young (19456K), 2 survivors (2048K)
 Metaspace       used 57640K, committed 58112K, reserved 1114112K
  class space    used 7568K, committed 7808K, reserved 1048576K
}
Event: 17.025 GC heap after
{Heap after GC invocations=19 (full 0):
 garbage-first heap   total 55296K, used 27809K [0x0000000091000000, 0x0000000100000000)
  region size 1024K, 3 young (3072K), 3 survivors (3072K)
 Metaspace       used 57640K, committed 58112K, reserved 1114112K
  class space    used 7568K, committed 7808K, reserved 1048576K
}
Event: 20.087 GC heap before
{Heap before GC invocations=20 (full 0):
 garbage-first heap   total 55296K, used 44193K [0x0000000091000000, 0x0000000100000000)
  region size 1024K, 19 young (19456K), 3 survivors (3072K)
 Metaspace       used 59026K, committed 59584K, reserved 1114112K
  class space    used 7774K, committed 8064K, reserved 1048576K
}
Event: 20.093 GC heap after
{Heap after GC invocations=21 (full 0):
 garbage-first heap   total 55296K, used 29382K [0x0000000091000000, 0x0000000100000000)
  region size 1024K, 3 young (3072K), 3 survivors (3072K)
 Metaspace       used 59026K, committed 59584K, reserved 1114112K
  class space    used 7774K, committed 8064K, reserved 1048576K
}
Event: 20.123 GC heap before
{Heap before GC invocations=21 (full 0):
 garbage-first heap   total 55296K, used 30406K [0x0000000091000000, 0x0000000100000000)
  region size 1024K, 4 young (4096K), 3 survivors (3072K)
 Metaspace       used 59049K, committed 59648K, reserved 1114112K
  class space    used 7777K, committed 8064K, reserved 1048576K
}
Event: 20.129 GC heap after
{Heap after GC invocations=22 (full 0):
 garbage-first heap   total 55296K, used 29311K [0x0000000091000000, 0x0000000100000000)
  region size 1024K, 1 young (1024K), 1 survivors (1024K)
 Metaspace       used 59049K, committed 59648K, reserved 1114112K
  class space    used 7777K, committed 8064K, reserved 1048576K
}
Event: 21.317 GC heap before
{Heap before GC invocations=22 (full 0):
 garbage-first heap   total 55296K, used 43647K [0x0000000091000000, 0x0000000100000000)
  region size 1024K, 15 young (15360K), 1 survivors (1024K)
 Metaspace       used 59875K, committed 60480K, reserved 1114112K
  class space    used 7875K, committed 8192K, reserved 1048576K
}
Event: 21.320 GC heap after
{Heap after GC invocations=23 (full 0):
 garbage-first heap   total 55296K, used 29515K [0x0000000091000000, 0x0000000100000000)
  region size 1024K, 1 young (1024K), 1 survivors (1024K)
 Metaspace       used 59875K, committed 60480K, reserved 1114112K
  class space    used 7875K, committed 8192K, reserved 1048576K
}
Event: 23.363 GC heap before
{Heap before GC invocations=24 (full 0):
 garbage-first heap   total 55296K, used 43851K [0x0000000091000000, 0x0000000100000000)
  region size 1024K, 15 young (15360K), 1 survivors (1024K)
 Metaspace       used 60656K, committed 61248K, reserved 1114112K
  class space    used 8006K, committed 8320K, reserved 1048576K
}
Event: 23.384 GC heap after
{Heap after GC invocations=25 (full 0):
 garbage-first heap   total 55296K, used 30578K [0x0000000091000000, 0x0000000100000000)
  region size 1024K, 2 young (2048K), 2 survivors (2048K)
 Metaspace       used 60656K, committed 61248K, reserved 1114112K
  class space    used 8006K, committed 8320K, reserved 1048576K
}
Event: 23.393 GC heap before
{Heap before GC invocations=25 (full 0):
 garbage-first heap   total 55296K, used 31602K [0x0000000091000000, 0x0000000100000000)
  region size 1024K, 3 young (3072K), 2 survivors (2048K)
 Metaspace       used 60656K, committed 61248K, reserved 1114112K
  class space    used 8006K, committed 8320K, reserved 1048576K
}
Event: 23.400 GC heap after
{Heap after GC invocations=26 (full 0):
 garbage-first heap   total 55296K, used 30355K [0x0000000091000000, 0x0000000100000000)
  region size 1024K, 1 young (1024K), 1 survivors (1024K)
 Metaspace       used 60656K, committed 61248K, reserved 1114112K
  class space    used 8006K, committed 8320K, reserved 1048576K
}

